s:\project\vulkan\raytracinginvulkan\build\windows\assets\fonts\cousine-regular.ttf
s:\project\vulkan\raytracinginvulkan\build\windows\assets\models\cube.mtl
s:\project\vulkan\raytracinginvulkan\build\windows\assets\models\cube.obj
s:\project\vulkan\raytracinginvulkan\build\windows\assets\models\cube_multi.mtl
s:\project\vulkan\raytracinginvulkan\build\windows\assets\models\cube_multi.obj
s:\project\vulkan\raytracinginvulkan\build\windows\assets\models\lucy.obj
s:\project\vulkan\raytracinginvulkan\build\windows\assets\shaders\graphics.frag.spv
s:\project\vulkan\raytracinginvulkan\build\windows\assets\shaders\graphics.vert.spv
s:\project\vulkan\raytracinginvulkan\build\windows\assets\shaders\raytracing.procedural.rchit.spv
s:\project\vulkan\raytracinginvulkan\build\windows\assets\shaders\raytracing.procedural.rint.spv
s:\project\vulkan\raytracinginvulkan\build\windows\assets\shaders\raytracing.rchit.spv
s:\project\vulkan\raytracinginvulkan\build\windows\assets\shaders\raytracing.rgen.spv
s:\project\vulkan\raytracinginvulkan\build\windows\assets\shaders\raytracing.rmiss.spv
s:\project\vulkan\raytracinginvulkan\build\windows\assets\textures\2k_mars.jpg
s:\project\vulkan\raytracinginvulkan\build\windows\assets\textures\2k_moon.jpg
s:\project\vulkan\raytracinginvulkan\build\windows\assets\textures\license.txt
s:\project\vulkan\raytracinginvulkan\build\windows\assets\textures\vulkan.png
s:\project\vulkan\raytracinginvulkan\build\windows\assets\textures\land_ocean_ice_cloud_2048.png
s:\project\vulkan\raytracinginvulkan\build\windows\assets\textures\white.png
s:\project\vulkan\raytracinginvulkan\build\windows\assets\cmakefiles\assets
s:\project\vulkan\raytracinginvulkan\build\windows\assets\cmakefiles\generate.stamp
s:\project\vulkan\raytracinginvulkan\build\windows\assets\x64\release\assets\assets.tlog\custombuild.command.1.tlog
s:\project\vulkan\raytracinginvulkan\build\windows\assets\x64\release\assets\assets.tlog\custombuild.read.1.tlog
s:\project\vulkan\raytracinginvulkan\build\windows\assets\x64\release\assets\assets.tlog\custombuild.write.1.tlog
