s:\project\vulkan\raytracinginvulkan\build\windows\src\raytracer.dir\release\vulkan\application.cpp.obj
s:\project\vulkan\raytracinginvulkan\build\windows\src\raytracer.dir\release\depthbuffer.obj
s:\project\vulkan\raytracinginvulkan\build\windows\src\raytracer.dir\release\bottomlevelaccelerationstructure.obj
s:\project\vulkan\raytracinginvulkan\build\windows\src\raytracer.dir\release\scene.obj
s:\project\vulkan\raytracinginvulkan\build\windows\src\raytracer.dir\release\deviceprocedures.obj
s:\project\vulkan\raytracinginvulkan\build\windows\src\raytracer.dir\release\renderdocmanager.obj
s:\project\vulkan\raytracinginvulkan\build\windows\src\raytracer.dir\release\renderpass.obj
s:\project\vulkan\raytracinginvulkan\build\windows\src\raytracer.dir\release\shadermodule.obj
s:\project\vulkan\raytracinginvulkan\build\windows\src\raytracer.dir\release\debugutils.obj
s:\project\vulkan\raytracinginvulkan\build\windows\src\raytracer.dir\release\surface.obj
s:\project\vulkan\raytracinginvulkan\build\windows\src\raytracer.dir\release\bottomlevelgeometry.obj
s:\project\vulkan\raytracinginvulkan\build\windows\src\raytracer.dir\release\userinterface.obj
s:\project\vulkan\raytracinginvulkan\build\windows\src\raytracer.dir\release\debugutilsmessenger.obj
s:\project\vulkan\raytracinginvulkan\build\windows\src\raytracer.dir\release\accelerationstructure.obj
s:\project\vulkan\raytracinginvulkan\build\windows\src\raytracer.dir\release\commandpool.obj
s:\project\vulkan\raytracinginvulkan\build\windows\src\raytracer.dir\release\descriptorsetlayout.obj
s:\project\vulkan\raytracinginvulkan\build\windows\src\raytracer.dir\release\image.obj
s:\project\vulkan\raytracinginvulkan\build\windows\src\raytracer.dir\release\modelviewcontroller.obj
s:\project\vulkan\raytracinginvulkan\build\windows\src\raytracer.dir\release\buffer.obj
s:\project\vulkan\raytracinginvulkan\build\windows\src\raytracer.dir\release\devicememory.obj
s:\project\vulkan\raytracinginvulkan\build\windows\src\raytracer.dir\release\raytracingproperties.obj
s:\project\vulkan\raytracinginvulkan\build\windows\src\raytracer.dir\release\options.obj
s:\project\vulkan\raytracinginvulkan\build\windows\src\raytracer.dir\release\textureimage.obj
s:\project\vulkan\raytracinginvulkan\build\windows\src\raytracer.dir\release\fence.obj
s:\project\vulkan\raytracinginvulkan\build\windows\src\raytracer.dir\release\imageview.obj
s:\project\vulkan\raytracinginvulkan\build\windows\src\raytracer.dir\release\sampler.obj
s:\project\vulkan\raytracinginvulkan\build\windows\src\raytracer.dir\release\scenelist.obj
s:\project\vulkan\raytracinginvulkan\build\windows\src\raytracer.dir\release\descriptorpool.obj
s:\project\vulkan\raytracinginvulkan\build\windows\src\raytracer.dir\release\descriptorsetmanager.obj
s:\project\vulkan\raytracinginvulkan\build\windows\src\raytracer.dir\release\shaderbindingtable.obj
s:\project\vulkan\raytracinginvulkan\build\windows\src\raytracer.dir\release\commandbuffers.obj
s:\project\vulkan\raytracinginvulkan\build\windows\src\raytracer.dir\release\device.obj
s:\project\vulkan\raytracinginvulkan\build\windows\src\raytracer.dir\release\toplevelaccelerationstructure.obj
s:\project\vulkan\raytracinginvulkan\build\windows\src\raytracer.dir\release\stbimage.obj
s:\project\vulkan\raytracinginvulkan\build\windows\src\raytracer.dir\release\framebuffer.obj
s:\project\vulkan\raytracinginvulkan\build\windows\src\raytracer.dir\release\pipelinelayout.obj
s:\project\vulkan\raytracinginvulkan\build\windows\src\raytracer.dir\release\semaphore.obj
s:\project\vulkan\raytracinginvulkan\build\windows\src\raytracer.dir\release\strings.obj
s:\project\vulkan\raytracinginvulkan\build\windows\src\raytracer.dir\release\swapchain.obj
s:\project\vulkan\raytracinginvulkan\build\windows\src\raytracer.dir\release\uniformbuffer.obj
s:\project\vulkan\raytracinginvulkan\build\windows\src\raytracer.dir\release\graphicspipeline.obj
s:\project\vulkan\raytracinginvulkan\build\windows\src\raytracer.dir\release\vulkan.obj
s:\project\vulkan\raytracinginvulkan\build\windows\src\raytracer.dir\release\cornellbox.obj
s:\project\vulkan\raytracinginvulkan\build\windows\src\raytracer.dir\release\instance.obj
s:\project\vulkan\raytracinginvulkan\build\windows\src\raytracer.dir\release\raytracer.obj
s:\project\vulkan\raytracinginvulkan\build\windows\src\raytracer.dir\release\console.obj
s:\project\vulkan\raytracinginvulkan\build\windows\src\raytracer.dir\release\descriptorsets.obj
s:\project\vulkan\raytracinginvulkan\build\windows\src\raytracer.dir\release\raytracingpipeline.obj
s:\project\vulkan\raytracinginvulkan\build\windows\src\raytracer.dir\release\model.obj
s:\project\vulkan\raytracinginvulkan\build\windows\src\raytracer.dir\release\main.obj
s:\project\vulkan\raytracinginvulkan\build\windows\src\raytracer.dir\release\texture.obj
s:\project\vulkan\raytracinginvulkan\build\windows\src\raytracer.dir\release\window.obj
s:\project\vulkan\raytracinginvulkan\build\windows\src\raytracer.dir\release\vulkan\raytracing\application.cpp.obj
s:\project\vulkan\raytracinginvulkan\build\windows\src\cmakefiles\generate.stamp
s:\project\vulkan\raytracinginvulkan\build\windows\bin\raytracer.exe
s:\project\vulkan\raytracinginvulkan\build\windows\lib\raytracer.lib
s:\project\vulkan\raytracinginvulkan\build\windows\lib\raytracer.exp
s:\project\vulkan\raytracinginvulkan\build\windows\src\raytracer.dir\release\raytracer.tlog\cl.command.1.tlog
s:\project\vulkan\raytracinginvulkan\build\windows\src\raytracer.dir\release\raytracer.tlog\cl.items.tlog
s:\project\vulkan\raytracinginvulkan\build\windows\src\raytracer.dir\release\raytracer.tlog\cl.read.1.tlog
s:\project\vulkan\raytracinginvulkan\build\windows\src\raytracer.dir\release\raytracer.tlog\cl.write.1.tlog
s:\project\vulkan\raytracinginvulkan\build\windows\src\raytracer.dir\release\raytracer.tlog\custombuild.command.1.tlog
s:\project\vulkan\raytracinginvulkan\build\windows\src\raytracer.dir\release\raytracer.tlog\custombuild.read.1.tlog
s:\project\vulkan\raytracinginvulkan\build\windows\src\raytracer.dir\release\raytracer.tlog\custombuild.write.1.tlog
s:\project\vulkan\raytracinginvulkan\build\windows\src\raytracer.dir\release\raytracer.tlog\link.command.1.tlog
s:\project\vulkan\raytracinginvulkan\build\windows\src\raytracer.dir\release\raytracer.tlog\link.read.1.tlog
s:\project\vulkan\raytracinginvulkan\build\windows\src\raytracer.dir\release\raytracer.tlog\link.secondary.1.tlog
s:\project\vulkan\raytracinginvulkan\build\windows\src\raytracer.dir\release\raytracer.tlog\link.write.1.tlog
